app/build/intermediates/manifest_merge_blame_file/debug/manifest-merger-blame-debug-report.txt
1<?xml version="1.0" encoding="utf-8"?>
2<manifest xmlns:android="http://schemas.android.com/apk/res/android"
3    package="com.example.raftaarquiz"
4    android:versionCode="1"
5    android:versionName="1.0" >
6
7    <uses-sdk
8        android:minSdkVersion="21"
8-->src\main\AndroidManifest.xml
9        android:targetSdkVersion="32" />
9-->src\main\AndroidManifest.xml
10
11    <uses-permission android:name="android.permission.INTERNET" />
11-->src\main\AndroidManifest.xml:5:5-67
11-->src\main\AndroidManifest.xml:5:22-64
12    <uses-permission android:name="android.permission.CAMERA" />
12-->src\main\AndroidManifest.xml:6:5-65
12-->src\main\AndroidManifest.xml:6:22-62
13    <uses-permission
13-->src\main\AndroidManifest.xml:7:5-81
14        android:name="android.permission.WRITE_EXTERNAL_STORAGE"
14-->src\main\AndroidManifest.xml:7:22-78
15        android:maxSdkVersion="28" />
15-->[com.github.Drjacky:ImagePicker:2.1.14] AndroidManifest.xml:12:9-35
16    <uses-permission android:name="android.permission.READ_EXTERNAL_STORAGE" />
16-->src\main\AndroidManifest.xml:8:5-80
16-->src\main\AndroidManifest.xml:8:22-77
17    <uses-permission android:name="android.permission.MANAGE_EXTERNAL_STORAGE" />
17-->src\main\AndroidManifest.xml:9:5-82
17-->src\main\AndroidManifest.xml:9:22-79
18
19    <queries>
19-->[com.github.dhaval2404:imagepicker:2.1] AndroidManifest.xml:9:5-19:15
20
21        <!-- Query Camera Packages -->
22        <intent>
22-->[com.github.dhaval2404:imagepicker:2.1] AndroidManifest.xml:12:9-14:18
23            <action android:name="android.media.action.IMAGE_CAPTURE" />
23-->[com.github.dhaval2404:imagepicker:2.1] AndroidManifest.xml:13:13-73
23-->[com.github.dhaval2404:imagepicker:2.1] AndroidManifest.xml:13:21-70
24        </intent>
25        <!-- Query Open Document -->
26        <intent>
26-->[com.github.dhaval2404:imagepicker:2.1] AndroidManifest.xml:16:9-18:18
27            <action android:name="android.intent.action.OPEN_DOCUMENT_TREE" />
27-->[com.github.dhaval2404:imagepicker:2.1] AndroidManifest.xml:17:13-79
27-->[com.github.dhaval2404:imagepicker:2.1] AndroidManifest.xml:17:21-76
28        </intent>
29        <!-- Gallery -->
30        <intent>
30-->[com.github.Drjacky:ImagePicker:2.1.14] AndroidManifest.xml:17:9-23:18
31            <action android:name="android.intent.action.GET_CONTENT" />
31-->[com.github.Drjacky:ImagePicker:2.1.14] AndroidManifest.xml:18:13-72
31-->[com.github.Drjacky:ImagePicker:2.1.14] AndroidManifest.xml:18:21-69
32
33            <category android:name="android.intent.category.OPENABLE" />
33-->[com.github.Drjacky:ImagePicker:2.1.14] AndroidManifest.xml:20:13-73
33-->[com.github.Drjacky:ImagePicker:2.1.14] AndroidManifest.xml:20:23-70
34
35            <data android:mimeType="image/*" />
35-->[com.github.Drjacky:ImagePicker:2.1.14] AndroidManifest.xml:22:13-48
35-->[com.github.Drjacky:ImagePicker:2.1.14] AndroidManifest.xml:22:19-45
36        </intent>
37        <intent>
37-->[com.github.Drjacky:ImagePicker:2.1.14] AndroidManifest.xml:24:9-28:18
38            <action android:name="android.intent.action.PICK" />
38-->[com.github.Drjacky:ImagePicker:2.1.14] AndroidManifest.xml:25:13-65
38-->[com.github.Drjacky:ImagePicker:2.1.14] AndroidManifest.xml:25:21-62
39
40            <data android:mimeType="image/*" />
40-->[com.github.Drjacky:ImagePicker:2.1.14] AndroidManifest.xml:22:13-48
40-->[com.github.Drjacky:ImagePicker:2.1.14] AndroidManifest.xml:22:19-45
41        </intent>
42        <intent>
42-->[com.github.Drjacky:ImagePicker:2.1.14] AndroidManifest.xml:29:9-31:18
43            <action android:name="android.intent.action.CHOOSER" />
43-->[com.github.Drjacky:ImagePicker:2.1.14] AndroidManifest.xml:30:13-68
43-->[com.github.Drjacky:ImagePicker:2.1.14] AndroidManifest.xml:30:21-65
44        </intent>
45    </queries>
46
47    <application
47-->src\main\AndroidManifest.xml:11:5-114:19
48        android:allowBackup="true"
48-->src\main\AndroidManifest.xml:12:9-35
49        android:appComponentFactory="androidx.core.app.CoreComponentFactory"
49-->[androidx.core:core:1.8.0] AndroidManifest.xml:24:18-86
50        android:dataExtractionRules="@xml/data_extraction_rules"
50-->src\main\AndroidManifest.xml:13:9-65
51        android:debuggable="true"
52        android:fullBackupContent="@xml/backup_rules"
52-->src\main\AndroidManifest.xml:14:9-54
53        android:icon="@drawable/total_test_logo"
53-->src\main\AndroidManifest.xml:15:9-49
54        android:label="@string/app_name"
54-->src\main\AndroidManifest.xml:16:9-41
55        android:roundIcon="@drawable/total_test_logo"
55-->src\main\AndroidManifest.xml:17:9-54
56        android:screenOrientation="portrait"
56-->src\main\AndroidManifest.xml:18:9-45
57        android:supportsRtl="true"
57-->src\main\AndroidManifest.xml:19:9-35
58        android:testOnly="true"
59        android:theme="@style/Theme.RaftaarQuiz"
59-->src\main\AndroidManifest.xml:20:9-49
60        android:usesCleartextTraffic="true" >
60-->src\main\AndroidManifest.xml:21:9-44
61        <activity
61-->src\main\AndroidManifest.xml:23:9-25:40
62            android:name="com.example.raftaarquiz.AllActivity.FullDialogActivity1"
62-->src\main\AndroidManifest.xml:24:13-60
63            android:exported="false" />
63-->src\main\AndroidManifest.xml:25:13-37
64        <activity
64-->src\main\AndroidManifest.xml:26:9-28:40
65            android:name="com.example.raftaarquiz.AllActivity.MockTestActivity"
65-->src\main\AndroidManifest.xml:27:13-57
66            android:exported="false" />
66-->src\main\AndroidManifest.xml:28:13-37
67        <activity
67-->src\main\AndroidManifest.xml:29:9-31:40
68            android:name="com.example.raftaarquiz.AllActivity.AvailableTestSeriesActivity"
68-->src\main\AndroidManifest.xml:30:13-68
69            android:exported="false" />
69-->src\main\AndroidManifest.xml:31:13-37
70        <activity
70-->src\main\AndroidManifest.xml:32:9-34:40
71            android:name="com.example.raftaarquiz.AllActivity.FullDialogActivity"
71-->src\main\AndroidManifest.xml:33:13-59
72            android:exported="false" />
72-->src\main\AndroidManifest.xml:34:13-37
73        <activity
73-->src\main\AndroidManifest.xml:35:9-37:40
74            android:name="com.example.raftaarquiz.AllActivity.AllWebViewActivity"
74-->src\main\AndroidManifest.xml:36:13-59
75            android:exported="false" />
75-->src\main\AndroidManifest.xml:37:13-37
76        <activity
76-->src\main\AndroidManifest.xml:38:9-40:40
77            android:name="com.example.raftaarquiz.AllActivity.TournamentQuestionActivity"
77-->src\main\AndroidManifest.xml:39:13-67
78            android:exported="false" />
78-->src\main\AndroidManifest.xml:40:13-37
79        <activity
79-->src\main\AndroidManifest.xml:41:9-43:40
80            android:name="com.example.raftaarquiz.AllActivity.ViewCurrentAffairsActivity"
80-->src\main\AndroidManifest.xml:42:13-67
81            android:exported="false" />
81-->src\main\AndroidManifest.xml:43:13-37
82        <activity
82-->src\main\AndroidManifest.xml:44:9-46:40
83            android:name="com.example.raftaarquiz.AllActivity.SetQuestionActivity"
83-->src\main\AndroidManifest.xml:45:13-60
84            android:exported="false" />
84-->src\main\AndroidManifest.xml:46:13-37
85        <activity
85-->src\main\AndroidManifest.xml:47:9-49:40
86            android:name="com.example.raftaarquiz.AllActivity.EditProfileActivity"
86-->src\main\AndroidManifest.xml:48:13-60
87            android:exported="false" />
87-->src\main\AndroidManifest.xml:49:13-37
88        <activity
88-->src\main\AndroidManifest.xml:50:9-52:40
89            android:name="com.example.raftaarquiz.AllActivity.TestSeriesQuestionActivity"
89-->src\main\AndroidManifest.xml:51:13-67
90            android:exported="false" />
90-->src\main\AndroidManifest.xml:52:13-37
91        <activity
91-->src\main\AndroidManifest.xml:53:9-55:40
92            android:name="com.example.raftaarquiz.AllActivity.ViewBookActivity"
92-->src\main\AndroidManifest.xml:54:13-57
93            android:exported="false" />
93-->src\main\AndroidManifest.xml:55:13-37
94        <activity
94-->src\main\AndroidManifest.xml:56:9-58:40
95            android:name="com.example.raftaarquiz.AllActivity.QuizQuestionsActivity"
95-->src\main\AndroidManifest.xml:57:13-62
96            android:exported="false" />
96-->src\main\AndroidManifest.xml:58:13-37
97        <activity
97-->src\main\AndroidManifest.xml:59:9-61:40
98            android:name="com.example.raftaarquiz.AllActivity.TestSeriesActivity"
98-->src\main\AndroidManifest.xml:60:13-59
99            android:exported="false" />
99-->src\main\AndroidManifest.xml:61:13-37
100        <activity
100-->src\main\AndroidManifest.xml:62:9-64:40
101            android:name="com.example.raftaarquiz.AllActivity.CurrentAffairsActivity"
101-->src\main\AndroidManifest.xml:63:13-63
102            android:exported="false" />
102-->src\main\AndroidManifest.xml:64:13-37
103        <activity
103-->src\main\AndroidManifest.xml:65:9-67:40
104            android:name="com.example.raftaarquiz.AllActivity.JobAlertActivity"
104-->src\main\AndroidManifest.xml:66:13-57
105            android:exported="false" />
105-->src\main\AndroidManifest.xml:67:13-37
106        <activity
106-->src\main\AndroidManifest.xml:68:9-70:40
107            android:name="com.example.raftaarquiz.AllActivity.BookActivity"
107-->src\main\AndroidManifest.xml:69:13-53
108            android:exported="false" />
108-->src\main\AndroidManifest.xml:70:13-37
109        <activity
109-->src\main\AndroidManifest.xml:71:9-73:40
110            android:name="com.example.raftaarquiz.AllActivity.SetActivity"
110-->src\main\AndroidManifest.xml:72:13-52
111            android:exported="false" />
111-->src\main\AndroidManifest.xml:73:13-37
112        <activity
112-->src\main\AndroidManifest.xml:74:9-76:40
113            android:name="com.example.raftaarquiz.AllActivity.QuizActivity"
113-->src\main\AndroidManifest.xml:75:13-53
114            android:exported="false" />
114-->src\main\AndroidManifest.xml:76:13-37
115        <activity
115-->src\main\AndroidManifest.xml:77:9-79:40
116            android:name="com.example.raftaarquiz.AllActivity.AboutUsActivity"
116-->src\main\AndroidManifest.xml:78:13-56
117            android:exported="false" />
117-->src\main\AndroidManifest.xml:79:13-37
118        <activity
118-->src\main\AndroidManifest.xml:80:9-86:20
119            android:name="com.example.raftaarquiz.LoginModule.LoginActivity"
119-->src\main\AndroidManifest.xml:81:13-54
120            android:exported="false" >
120-->src\main\AndroidManifest.xml:82:13-37
121            <meta-data
121-->src\main\AndroidManifest.xml:83:13-85:36
122                android:name="android.app.lib_name"
122-->src\main\AndroidManifest.xml:84:17-52
123                android:value="" />
123-->src\main\AndroidManifest.xml:85:17-33
124        </activity>
125        <activity
125-->src\main\AndroidManifest.xml:87:9-99:20
126            android:name="com.example.raftaarquiz.AllActivity.SplashActivity"
126-->src\main\AndroidManifest.xml:88:13-55
127            android:exported="true" >
127-->src\main\AndroidManifest.xml:89:13-36
128            <meta-data
128-->src\main\AndroidManifest.xml:83:13-85:36
129                android:name="android.app.lib_name"
129-->src\main\AndroidManifest.xml:84:17-52
130                android:value="" />
130-->src\main\AndroidManifest.xml:85:17-33
131
132            <intent-filter>
132-->src\main\AndroidManifest.xml:94:13-98:29
133                <action android:name="android.intent.action.MAIN" />
133-->src\main\AndroidManifest.xml:95:17-69
133-->src\main\AndroidManifest.xml:95:25-66
134
135                <category android:name="android.intent.category.LAUNCHER" />
135-->src\main\AndroidManifest.xml:97:17-77
135-->src\main\AndroidManifest.xml:97:27-74
136            </intent-filter>
137        </activity>
138        <activity
138-->src\main\AndroidManifest.xml:100:9-106:20
139            android:name="com.example.raftaarquiz.LoginModule.SignUpActivity"
139-->src\main\AndroidManifest.xml:101:13-55
140            android:exported="true" >
140-->src\main\AndroidManifest.xml:102:13-36
141            <meta-data
141-->src\main\AndroidManifest.xml:83:13-85:36
142                android:name="android.app.lib_name"
142-->src\main\AndroidManifest.xml:84:17-52
143                android:value="" />
143-->src\main\AndroidManifest.xml:85:17-33
144        </activity>
145        <activity
145-->src\main\AndroidManifest.xml:107:9-113:20
146            android:name="com.example.raftaarquiz.AllActivity.MainActivity"
146-->src\main\AndroidManifest.xml:108:13-53
147            android:exported="true" >
147-->src\main\AndroidManifest.xml:109:13-36
148            <meta-data
148-->src\main\AndroidManifest.xml:83:13-85:36
149                android:name="android.app.lib_name"
149-->src\main\AndroidManifest.xml:84:17-52
150                android:value="" />
150-->src\main\AndroidManifest.xml:85:17-33
151        </activity>
152        <activity
152-->[com.github.dhaval2404:imagepicker:2.1] AndroidManifest.xml:22:9-25:68
153            android:name="com.github.dhaval2404.imagepicker.ImagePickerActivity"
153-->[com.github.dhaval2404:imagepicker:2.1] AndroidManifest.xml:23:13-81
154            android:screenOrientation="unspecified"
154-->[com.github.dhaval2404:imagepicker:2.1] AndroidManifest.xml:24:13-52
155            android:theme="@style/Theme.Transparent.ImagePicker" />
155-->[com.github.dhaval2404:imagepicker:2.1] AndroidManifest.xml:25:13-65
156        <activity
156-->[com.github.dhaval2404:imagepicker:2.1] AndroidManifest.xml:26:9-29:72
157            android:name="com.yalantis.ucrop.UCropActivity"
157-->[com.github.dhaval2404:imagepicker:2.1] AndroidManifest.xml:27:13-60
158            android:screenOrientation="portrait"
158-->[com.github.dhaval2404:imagepicker:2.1] AndroidManifest.xml:28:13-49
159            android:theme="@style/Theme.AppCompat.Light.NoActionBar" />
159-->[com.github.dhaval2404:imagepicker:2.1] AndroidManifest.xml:29:13-69
160
161        <provider
161-->[com.github.dhaval2404:imagepicker:2.1] AndroidManifest.xml:31:9-39:20
162            android:name="com.github.dhaval2404.imagepicker.ImagePickerFileProvider"
162-->[com.github.dhaval2404:imagepicker:2.1] AndroidManifest.xml:32:13-85
163            android:authorities="com.example.raftaarquiz.imagepicker.provider"
163-->[com.github.dhaval2404:imagepicker:2.1] AndroidManifest.xml:33:13-72
164            android:exported="false"
164-->[com.github.dhaval2404:imagepicker:2.1] AndroidManifest.xml:34:13-37
165            android:grantUriPermissions="true" >
165-->[com.github.dhaval2404:imagepicker:2.1] AndroidManifest.xml:35:13-47
166            <meta-data
166-->[com.github.dhaval2404:imagepicker:2.1] AndroidManifest.xml:36:13-38:71
167                android:name="android.support.FILE_PROVIDER_PATHS"
167-->[com.github.dhaval2404:imagepicker:2.1] AndroidManifest.xml:37:17-67
168                android:resource="@xml/image_picker_provider_paths" />
168-->[com.github.dhaval2404:imagepicker:2.1] AndroidManifest.xml:38:17-68
169        </provider>
170
171        <activity
171-->[com.github.Drjacky:ImagePicker:2.1.14] AndroidManifest.xml:39:9-42:68
172            android:name="com.github.drjacky.imagepicker.ImagePickerActivity"
172-->[com.github.Drjacky:ImagePicker:2.1.14] AndroidManifest.xml:40:13-78
173            android:screenOrientation="unspecified"
173-->[com.github.Drjacky:ImagePicker:2.1.14] AndroidManifest.xml:41:13-52
174            android:theme="@style/Theme.Transparent.ImagePicker" />
174-->[com.github.Drjacky:ImagePicker:2.1.14] AndroidManifest.xml:42:13-65
175
176        <provider
176-->[com.github.Drjacky:ImagePicker:2.1.14] AndroidManifest.xml:48:9-56:20
177            android:name="com.github.drjacky.imagepicker.ImagePickerFileProvider"
177-->[com.github.Drjacky:ImagePicker:2.1.14] AndroidManifest.xml:49:13-82
178            android:authorities="com.example.raftaarquiz.imagepicker.provider"
178-->[com.github.Drjacky:ImagePicker:2.1.14] AndroidManifest.xml:50:13-72
179            android:exported="false"
179-->[com.github.Drjacky:ImagePicker:2.1.14] AndroidManifest.xml:51:13-37
180            android:grantUriPermissions="true" >
180-->[com.github.Drjacky:ImagePicker:2.1.14] AndroidManifest.xml:52:13-47
181            <meta-data
181-->[com.github.dhaval2404:imagepicker:2.1] AndroidManifest.xml:36:13-38:71
182                android:name="android.support.FILE_PROVIDER_PATHS"
182-->[com.github.dhaval2404:imagepicker:2.1] AndroidManifest.xml:37:17-67
183                android:resource="@xml/image_picker_provider_paths" />
183-->[com.github.dhaval2404:imagepicker:2.1] AndroidManifest.xml:38:17-68
184        </provider>
185
186        <activity
186-->[com.google.android.gms:play-services-auth:20.3.0] AndroidManifest.xml:23:9-27:75
187            android:name="com.google.android.gms.auth.api.signin.internal.SignInHubActivity"
187-->[com.google.android.gms:play-services-auth:20.3.0] AndroidManifest.xml:24:13-93
188            android:excludeFromRecents="true"
188-->[com.google.android.gms:play-services-auth:20.3.0] AndroidManifest.xml:25:13-46
189            android:exported="false"
189-->[com.google.android.gms:play-services-auth:20.3.0] AndroidManifest.xml:26:13-37
190            android:theme="@android:style/Theme.Translucent.NoTitleBar" />
190-->[com.google.android.gms:play-services-auth:20.3.0] AndroidManifest.xml:27:13-72
191        <!--
192            Service handling Google Sign-In user revocation. For apps that do not integrate with
193            Google Sign-In, this service will never be started.
194        -->
195        <service
195-->[com.google.android.gms:play-services-auth:20.3.0] AndroidManifest.xml:33:9-37:51
196            android:name="com.google.android.gms.auth.api.signin.RevocationBoundService"
196-->[com.google.android.gms:play-services-auth:20.3.0] AndroidManifest.xml:34:13-89
197            android:exported="true"
197-->[com.google.android.gms:play-services-auth:20.3.0] AndroidManifest.xml:35:13-36
198            android:permission="com.google.android.gms.auth.api.signin.permission.REVOCATION_NOTIFICATION"
198-->[com.google.android.gms:play-services-auth:20.3.0] AndroidManifest.xml:36:13-107
199            android:visibleToInstantApps="true" />
199-->[com.google.android.gms:play-services-auth:20.3.0] AndroidManifest.xml:37:13-48
200
201        <activity
201-->[com.google.android.gms:play-services-base:18.1.0] AndroidManifest.xml:20:9-22:45
202            android:name="com.google.android.gms.common.api.GoogleApiActivity"
202-->[com.google.android.gms:play-services-base:18.1.0] AndroidManifest.xml:20:19-85
203            android:exported="false"
203-->[com.google.android.gms:play-services-base:18.1.0] AndroidManifest.xml:22:19-43
204            android:theme="@android:style/Theme.Translucent.NoTitleBar" />
204-->[com.google.android.gms:play-services-base:18.1.0] AndroidManifest.xml:21:19-78
205
206        <meta-data
206-->[com.google.android.gms:play-services-basement:18.1.0] AndroidManifest.xml:21:9-23:69
207            android:name="com.google.android.gms.version"
207-->[com.google.android.gms:play-services-basement:18.1.0] AndroidManifest.xml:22:13-58
208            android:value="@integer/google_play_services_version" />
208-->[com.google.android.gms:play-services-basement:18.1.0] AndroidManifest.xml:23:13-66
209
210        <provider
210-->[androidx.emoji2:emoji2:1.2.0] AndroidManifest.xml:24:9-32:20
211            android:name="androidx.startup.InitializationProvider"
211-->[androidx.emoji2:emoji2:1.2.0] AndroidManifest.xml:25:13-67
212            android:authorities="com.example.raftaarquiz.androidx-startup"
212-->[androidx.emoji2:emoji2:1.2.0] AndroidManifest.xml:26:13-68
213            android:exported="false" >
213-->[androidx.emoji2:emoji2:1.2.0] AndroidManifest.xml:27:13-37
214            <meta-data
214-->[androidx.emoji2:emoji2:1.2.0] AndroidManifest.xml:29:13-31:52
215                android:name="androidx.emoji2.text.EmojiCompatInitializer"
215-->[androidx.emoji2:emoji2:1.2.0] AndroidManifest.xml:30:17-75
216                android:value="androidx.startup" />
216-->[androidx.emoji2:emoji2:1.2.0] AndroidManifest.xml:31:17-49
217            <meta-data
217-->[androidx.lifecycle:lifecycle-process:2.4.1] AndroidManifest.xml:31:13-33:52
218                android:name="androidx.lifecycle.ProcessLifecycleInitializer"
218-->[androidx.lifecycle:lifecycle-process:2.4.1] AndroidManifest.xml:32:17-78
219                android:value="androidx.startup" />
219-->[androidx.lifecycle:lifecycle-process:2.4.1] AndroidManifest.xml:33:17-49
220        </provider>
221    </application>
222
223</manifest>